(---------------------------------------------------------------------)
(                                                                     )
(    Allegro Netrev Import Logic                                      )
(                                                                     )
(    Drawing          : SOLAR_25Sept18.brd                            )
(    Software Version : 17.2P019                                      )
(    Date/Time        : Tue Sep 25 15:27:24 2018                      )
(                                                                     )
(---------------------------------------------------------------------)


------ Directives ------------

Ripup etch:                  No
Ripup delete first segment:  No
Ripup retain bondwire:       No
Ripup symbols:               Always
Missing symbol has error:    No
DRC update:                  Yes
Schematic directory:         'C:\SOLAR - COPY\allegro'
Design Directory:            '.'
Old design name:             'SOLAR_25Sept18.brd'
New design name:             'SOLAR_25Sept18.brd'

CmdLine: netrev.exe -y 1 -n -i C:\SOLAR - COPY\allegro C:\SOLAR - COPY\allegro\SOLAR_25Sept18.brd C:\SOLAR - COPY\allegro\SOLAR_25Sept18.brd

------ Preparing to read pst files ------

Starting to read C:/SOLAR - COPY/allegro/pstchip.dat 
   Finished reading C:/SOLAR - COPY/allegro/pstchip.dat (00:00:00.04)
Starting to read C:/SOLAR - COPY/allegro/pstxprt.dat 
   Finished reading C:/SOLAR - COPY/allegro/pstxprt.dat (00:00:00.00)
Starting to read C:/SOLAR - COPY/allegro/pstxnet.dat 
   Finished reading C:/SOLAR - COPY/allegro/pstxnet.dat (00:00:00.00)

------ Oversights/Warnings/Errors ------


------ Library Paths ------
MODULEPATH =  . 
           C:/Cadence/SPB_17.2/share/local/pcb/modules 

PSMPATH =  . 
           symbols 
           .. 
           ../symbols 
           C:/Cadence/SPB_17.2/share/local/pcb/symbols 
           C:/Cadence/SPB_17.2/share/pcb/pcb_lib/symbols 
           C:/Cadence/SPB_17.2/share/pcb/allegrolib/symbols 
           C:/Users/dwadmin/Downloads/PCB_LIB-master/ 
           C:/Users/dwadmin/Downloads/footprint-creation-allegro-pcb-editor-master/SOT/ 
           C:/Users/dwadmin/Downloads/AllegroPCB-master/psm 
           C:/Users/dwadmin/Downloads/PCB_LIB-master 
           C:/Users/dwadmin/Downloads/PCB_LIB-master 
           C:/Cadence/Walking Aid Device/PCB Lib/PowerConn 
           C:/solar/pcb_lib/SOP65P640X120-16N 
           C:/solar/pcb_lib 

PADPATH =  . 
           symbols 
           .. 
           ../symbols 
           C:/Cadence/SPB_17.2/share/local/pcb/padstacks 
           C:/Cadence/SPB_17.2/share/pcb/pcb_lib/symbols 
           C:/Cadence/SPB_17.2/share/pcb/allegrolib/symbols 
           C:/Users/dwadmin/Downloads/AllegroPCB-master/psm 
           C:/Users/dwadmin/Downloads/PCB_LIB-master 
           C:/Users/dwadmin/Downloads/AllegroPCB-master/pad 
           C:/Cadence/Walking Aid Device/PCB Lib/PowerConn 
           C:/solar/pcb_lib/SOP65P640X120-16N 


------ Summary Statistics ------


netrev run on Sep 25 15:27:24 2018
   DESIGN NAME : 'SOLAR_UNIPOLARMOTOR'
   PACKAGING ON Mar  2 2016 00:37:24

   COMPILE 'logic'
   CHECK_PIN_NAMES OFF
   CROSS_REFERENCE OFF
   FEEDBACK OFF
   INCREMENTAL OFF
   INTERFACE_TYPE PHYSICAL
   MAX_ERRORS 500
   MERGE_MINIMUM 5
   NET_NAME_CHARS '#%&()*+-./:=>?@[]^_`|'
   NET_NAME_LENGTH 24
   OVERSIGHTS ON
   REPLACE_CHECK OFF
   SINGLE_NODE_NETS ON
   SPLIT_MINIMUM 0
   SUPPRESS   20
   WARNINGS ON

 No error detected
 No oversight detected
 No warning detected

cpu time      0:01:39
elapsed time  0:00:01

